0 info it worked if it ends with ok
1 verbose cli [ '/usr/bin/node', '/usr/bin/npm', 'rebuild', 'node-sass' ]
2 info using npm@3.5.2
3 info using node@v8.10.0
4 info readInstalled object
5 verbose rebuild path, id [ '/home/vein/文档/maptools/node_modules/node-sass',
5 verbose rebuild   'node-sass@4.9.3' ]
6 silly rebuild set [ '/home/vein/文档/maptools/node_modules/node-sass' ]
7 info build /home/vein/文档/maptools/node_modules/node-sass
8 info lifecycle node-sass@4.9.3~preinstall: node-sass@4.9.3
9 silly lifecycle node-sass@4.9.3~preinstall: no script for preinstall, continuing
10 info linkStuff node-sass@4.9.3
11 silly linkStuff node-sass@4.9.3 has /home/vein/文档/maptools/node_modules as its parent node_modules
12 verbose linkBins node-sass@4.9.3
13 verbose link bins [ { 'node-sass': 'bin/node-sass' },
13 verbose link bins   '/home/vein/文档/maptools/node_modules/.bin',
13 verbose link bins   false ]
14 verbose linkMans node-sass@4.9.3
15 verbose rebuildBundles node-sass@4.9.3
16 verbose rebuildBundles [ '.bin' ]
17 info lifecycle node-sass@4.9.3~install: node-sass@4.9.3
18 verbose lifecycle node-sass@4.9.3~install: unsafe-perm in lifecycle true
19 verbose lifecycle node-sass@4.9.3~install: PATH: /usr/share/npm/bin/node-gyp-bin:/home/vein/文档/maptools/node_modules/node-sass/node_modules/.bin:/home/vein/文档/maptools/node_modules/.bin:/usr/local/sbin:/usr/local/bin:/usr/sbin:/usr/bin:/sbin:/bin:/usr/games:/usr/local/games
20 verbose lifecycle node-sass@4.9.3~install: CWD: /home/vein/文档/maptools/node_modules/node-sass
21 silly lifecycle node-sass@4.9.3~install: Args: [ '-c', 'node scripts/install.js' ]
22 silly lifecycle node-sass@4.9.3~install: Returned: code: 0  signal: null
23 info lifecycle node-sass@4.9.3~postinstall: node-sass@4.9.3
24 verbose lifecycle node-sass@4.9.3~postinstall: unsafe-perm in lifecycle true
25 verbose lifecycle node-sass@4.9.3~postinstall: PATH: /usr/share/npm/bin/node-gyp-bin:/home/vein/文档/maptools/node_modules/node-sass/node_modules/.bin:/home/vein/文档/maptools/node_modules/.bin:/usr/local/sbin:/usr/local/bin:/usr/sbin:/usr/bin:/sbin:/bin:/usr/games:/usr/local/games
26 verbose lifecycle node-sass@4.9.3~postinstall: CWD: /home/vein/文档/maptools/node_modules/node-sass
27 silly lifecycle node-sass@4.9.3~postinstall: Args: [ '-c', 'node scripts/build.js' ]
28 silly lifecycle node-sass@4.9.3~postinstall: Returned: code: 1  signal: null
29 info lifecycle node-sass@4.9.3~postinstall: Failed to exec postinstall script
30 verbose stack Error: node-sass@4.9.3 postinstall: `node scripts/build.js`
30 verbose stack Exit status 1
30 verbose stack     at EventEmitter.<anonymous> (/usr/share/npm/lib/utils/lifecycle.js:232:16)
30 verbose stack     at emitTwo (events.js:126:13)
30 verbose stack     at EventEmitter.emit (events.js:214:7)
30 verbose stack     at ChildProcess.<anonymous> (/usr/share/npm/lib/utils/spawn.js:24:14)
30 verbose stack     at emitTwo (events.js:126:13)
30 verbose stack     at ChildProcess.emit (events.js:214:7)
30 verbose stack     at maybeClose (internal/child_process.js:925:16)
30 verbose stack     at Process.ChildProcess._handle.onexit (internal/child_process.js:209:5)
31 verbose pkgid node-sass@4.9.3
32 verbose cwd /home/vein/文档/maptools
33 error Linux 4.15.0-29-generic
34 error argv "/usr/bin/node" "/usr/bin/npm" "rebuild" "node-sass"
35 error node v8.10.0
36 error npm  v3.5.2
37 error code ELIFECYCLE
38 error node-sass@4.9.3 postinstall: `node scripts/build.js`
38 error Exit status 1
39 error Failed at the node-sass@4.9.3 postinstall script 'node scripts/build.js'.
39 error Make sure you have the latest version of node.js and npm installed.
39 error If you do, this is most likely a problem with the node-sass package,
39 error not with npm itself.
39 error Tell the author that this fails on your system:
39 error     node scripts/build.js
39 error You can get information on how to open an issue for this project with:
39 error     npm bugs node-sass
39 error Or if that isn't available, you can get their info via:
39 error     npm owner ls node-sass
39 error There is likely additional logging output above.
40 verbose exit [ 1, true ]
